<?xml version="1.0" encoding="UTF-8"?>
<!-- Generated by org.testng.reporters.JUnitXMLReporter -->
<testsuite ignored="0" hostname="SHUBHUU" failures="1" tests="6" name="Test" time="30.062" errors="0" timestamp="2025-06-15T13:49:31 IST">
  <testcase classname="TestCase.UserFlow" name="clickSignUp" time="0.11"/>
  <testcase classname="TestCase.UserFlow" name="fillForm" time="5.446"/>
  <testcase classname="TestCase.UserFlow" name="signinTest" time="3.204"/>
  <testcase classname="TestCase.UserFlow" name="crateNotes" time="3.991"/>
  <testcase classname="TestCase.UserFlow" name="testTodo" time="1.106">
    <failure type="org.openqa.selenium.ElementClickInterceptedException" message="element click intercepted: Element &amp;lt;img alt=&amp;quot;Profile&amp;quot; class=&amp;quot;w-10 h-10 rounded-full border-2 border-primary-600 object-cover&amp;quot; title=&amp;quot;John&amp;quot; src=&amp;quot;https://res.cloudinary.com/dfrhy6m3m/image/upload/v1744379058/gfkfrpt2ajat4iswcrxg.webp&amp;quot;&amp;gt; is not clickable at point (1347, 35). Other element would receive the click: &amp;lt;div id=&amp;quot;3&amp;quot; tabindex=&amp;quot;0&amp;quot; data-in=&amp;quot;true&amp;quot; class=&amp;quot;Toastify__toast Toastify__toast-theme--light Toastify__toast--success&amp;quot; role=&amp;quot;alert&amp;quot;&amp;gt;...&amp;lt;/div&amp;gt;
  (Session info: chrome=137.0.7151.104)
Build info: version: &amp;apos;4.27.0&amp;apos;, revision: &amp;apos;d6e718d134&amp;apos;
System info: os.name: &amp;apos;Windows 11&amp;apos;, os.arch: &amp;apos;amd64&amp;apos;, os.version: &amp;apos;10.0&amp;apos;, java.version: &amp;apos;21.0.5&amp;apos;
Driver info: org.openqa.selenium.chrome.ChromeDriver
Command: [4b9d43d9deb5c38d994d868a498f4306, clickElement {id=f.EC96DC566232CE25C3FBE7FB450996F0.d.CDA4BA5C50008C84078EBAD3396E21E8.e.41}]
Capabilities {acceptInsecureCerts: false, browserName: chrome, browserVersion: 137.0.7151.104, chrome: {chromedriverVersion: 137.0.7151.70 (dfa4dc56b2ab..., userDataDir: C:\Users\SHUBHA~1.YET\AppDa...}, fedcm:accounts: true, goog:chromeOptions: {debuggerAddress: localhost:53730}, networkConnectionEnabled: false, pageLoadStrategy: normal, platformName: windows, proxy: Proxy(), se:cdp: ws://localhost:53730/devtoo..., se:cdpVersion: 137.0.7151.104, setWindowRect: true, strictFileInteractability: false, timeouts: {implicit: 0, pageLoad: 300000, script: 30000}, unhandledPromptBehavior: dismiss and notify, webauthn:extension:credBlob: true, webauthn:extension:largeBlob: true, webauthn:extension:minPinLength: true, webauthn:extension:prf: true, webauthn:virtualAuthenticators: true}
Element: [[ChromeDriver: chrome on windows (4b9d43d9deb5c38d994d868a498f4306)] -&amp;gt; xpath: //img[@title=&amp;apos;John&amp;apos;]]
Session ID: 4b9d43d9deb5c38d994d868a498f4306">
      <![CDATA[org.openqa.selenium.ElementClickInterceptedException: element click intercepted: Element <img alt="Profile" class="w-10 h-10 rounded-full border-2 border-primary-600 object-cover" title="John" src="https://res.cloudinary.com/dfrhy6m3m/image/upload/v1744379058/gfkfrpt2ajat4iswcrxg.webp"> is not clickable at point (1347, 35). Other element would receive the click: <div id="3" tabindex="0" data-in="true" class="Toastify__toast Toastify__toast-theme--light Toastify__toast--success" role="alert">...</div>
  (Session info: chrome=137.0.7151.104)
Build info: version: '4.27.0', revision: 'd6e718d134'
System info: os.name: 'Windows 11', os.arch: 'amd64', os.version: '10.0', java.version: '21.0.5'
Driver info: org.openqa.selenium.chrome.ChromeDriver
Command: [4b9d43d9deb5c38d994d868a498f4306, clickElement {id=f.EC96DC566232CE25C3FBE7FB450996F0.d.CDA4BA5C50008C84078EBAD3396E21E8.e.41}]
Capabilities {acceptInsecureCerts: false, browserName: chrome, browserVersion: 137.0.7151.104, chrome: {chromedriverVersion: 137.0.7151.70 (dfa4dc56b2ab..., userDataDir: C:\Users\SHUBHA~1.YET\AppDa...}, fedcm:accounts: true, goog:chromeOptions: {debuggerAddress: localhost:53730}, networkConnectionEnabled: false, pageLoadStrategy: normal, platformName: windows, proxy: Proxy(), se:cdp: ws://localhost:53730/devtoo..., se:cdpVersion: 137.0.7151.104, setWindowRect: true, strictFileInteractability: false, timeouts: {implicit: 0, pageLoad: 300000, script: 30000}, unhandledPromptBehavior: dismiss and notify, webauthn:extension:credBlob: true, webauthn:extension:largeBlob: true, webauthn:extension:minPinLength: true, webauthn:extension:prf: true, webauthn:virtualAuthenticators: true}
Element: [[ChromeDriver: chrome on windows (4b9d43d9deb5c38d994d868a498f4306)] -> xpath: //img[@title='John']]
Session ID: 4b9d43d9deb5c38d994d868a498f4306
at org.openqa.selenium.remote.ErrorCodec.decode(ErrorCodec.java:167)
at org.openqa.selenium.remote.codec.w3c.W3CHttpResponseCodec.decode(W3CHttpResponseCodec.java:138)
at org.openqa.selenium.remote.codec.w3c.W3CHttpResponseCodec.decode(W3CHttpResponseCodec.java:50)
at org.openqa.selenium.remote.HttpCommandExecutor.execute(HttpCommandExecutor.java:190)
at org.openqa.selenium.remote.service.DriverCommandExecutor.invokeExecute(DriverCommandExecutor.java:216)
at org.openqa.selenium.remote.service.DriverCommandExecutor.execute(DriverCommandExecutor.java:174)
at org.openqa.selenium.remote.RemoteWebDriver.execute(RemoteWebDriver.java:545)
at org.openqa.selenium.remote.RemoteWebElement.execute(RemoteWebElement.java:223)
at org.openqa.selenium.remote.RemoteWebElement.click(RemoteWebElement.java:76)
at org.openqa.selenium.support.pagefactory.internal.LocatingElementHandler.invoke(LocatingElementHandler.java:51)
at jdk.proxy2/jdk.proxy2.$Proxy12.click(Unknown Source)
at PageObjects.DashBoard.clickProfileIcon(DashBoard.java:19)
at TestCase.UserFlow.testTodo(UserFlow.java:76)
at java.base/java.util.ArrayList.forEach(ArrayList.java:1596)
... Removed 30 stack frames]]>
    </failure>
  </testcase> <!-- testTodo -->
  <testcase classname="TestCase.UserFlow" name="logout" time="8.786"/>
</testsuite> <!-- Test -->
